[2021-01-11 16:54:09,459]-[util.py]-[CRITICAL]:确认完成
[2021-01-11 16:54:11,805]-[util.py]-[CRITICAL]:确认完成
[2021-01-11 16:54:14,168]-[util.py]-[CRITICAL]:确认完成
[2021-01-11 16:54:16,569]-[util.py]-[CRITICAL]:确认完成
[2021-01-11 16:54:18,961]-[util.py]-[CRITICAL]:确认完成
[2021-01-11 16:54:21,302]-[util.py]-[CRITICAL]:确认完成
[2021-01-11 16:54:23,621]-[util.py]-[CRITICAL]:确认完成
[2021-01-11 16:54:25,976]-[util.py]-[CRITICAL]:确认完成
[2021-01-11 16:54:28,323]-[util.py]-[CRITICAL]:确认完成
[2021-01-11 16:54:52,166]-[util.py]-[CRITICAL]:退出登陆
[2021-01-11 16:55:01,322]-[util.py]-[CRITICAL]:退出登陆
[2021-01-11 16:55:12,064]-[util.py]-[CRITICAL]:退出登陆
[2021-01-11 16:55:14,828]-[util.py]-[CRITICAL]:退出登陆
[2021-01-11 16:55:24,818]-[util.py]-[CRITICAL]:退出登陆
[2021-01-11 16:55:27,723]-[util.py]-[CRITICAL]:退出登陆
[2021-01-11 16:55:32,565]-[util.py]-[CRITICAL]:退出登陆
[2021-01-11 16:55:36,245]-[util.py]-[CRITICAL]:退出登陆
[2021-01-11 16:59:17,779]-[util.py]-[INFO]:登陆完毕
[2021-01-11 16:59:18,872]-[util.py]-[INFO]:确认完成
[2021-01-11 16:59:20,157]-[util.py]-[INFO]:登陆完毕
[2021-01-11 16:59:20,188]-[util.py]-[WARNING]:断言成功
[2021-01-11 16:59:21,246]-[util.py]-[INFO]:确认完成
[2021-01-11 16:59:22,550]-[util.py]-[INFO]:登陆完毕
[2021-01-11 16:59:22,580]-[util.py]-[WARNING]:断言成功
[2021-01-11 16:59:23,642]-[util.py]-[INFO]:确认完成
[2021-01-11 16:59:24,896]-[util.py]-[INFO]:登陆完毕
[2021-01-11 16:59:24,927]-[util.py]-[WARNING]:断言成功
[2021-01-11 16:59:25,983]-[util.py]-[INFO]:确认完成
[2021-01-11 16:59:27,228]-[util.py]-[INFO]:登陆完毕
[2021-01-11 16:59:27,254]-[util.py]-[WARNING]:断言成功
[2021-01-11 16:59:28,305]-[util.py]-[INFO]:确认完成
[2021-01-11 16:59:29,561]-[util.py]-[INFO]:登陆完毕
[2021-01-11 16:59:29,591]-[util.py]-[WARNING]:断言成功
[2021-01-11 16:59:30,650]-[util.py]-[INFO]:确认完成
[2021-01-11 16:59:31,892]-[util.py]-[INFO]:登陆完毕
[2021-01-11 16:59:31,917]-[util.py]-[WARNING]:断言成功
[2021-01-11 16:59:32,972]-[util.py]-[INFO]:确认完成
[2021-01-11 16:59:34,221]-[util.py]-[INFO]:登陆完毕
[2021-01-11 16:59:34,245]-[util.py]-[WARNING]:断言成功
[2021-01-11 16:59:35,298]-[util.py]-[INFO]:确认完成
[2021-01-11 16:59:36,542]-[util.py]-[INFO]:登陆完毕
[2021-01-11 16:59:36,570]-[util.py]-[WARNING]:断言成功
[2021-01-11 16:59:37,626]-[util.py]-[INFO]:确认完成
[2021-01-11 16:59:38,876]-[util.py]-[INFO]:登陆完毕
[2021-01-11 17:00:00,313]-[util.py]-[INFO]:登陆完毕
[2021-01-11 17:00:00,401]-[util.py]-[WARNING]:断言成功
[2021-01-11 17:00:01,481]-[util.py]-[INFO]:退出登陆
[2021-01-11 17:00:12,587]-[util.py]-[INFO]:退出登陆
[2021-01-11 17:00:13,857]-[util.py]-[INFO]:登陆完毕
[2021-01-11 17:00:13,907]-[util.py]-[WARNING]:断言成功
[2021-01-11 17:00:15,077]-[util.py]-[INFO]:退出登陆
[2021-01-11 17:00:16,347]-[util.py]-[INFO]:登陆完毕
[2021-01-11 17:00:16,446]-[util.py]-[WARNING]:断言成功
[2021-01-11 17:00:17,529]-[util.py]-[INFO]:退出登陆
[2021-01-11 17:00:19,496]-[util.py]-[INFO]:登陆完毕
[2021-01-11 17:00:19,571]-[util.py]-[WARNING]:断言成功
[2021-01-11 17:00:20,664]-[util.py]-[INFO]:退出登陆
[2021-01-11 17:00:21,937]-[util.py]-[INFO]:登陆完毕
[2021-01-11 17:00:22,056]-[util.py]-[WARNING]:断言成功
[2021-01-11 17:00:23,152]-[util.py]-[INFO]:退出登陆
[2021-01-11 17:00:24,581]-[util.py]-[INFO]:登陆完毕
[2021-01-11 17:00:24,624]-[util.py]-[WARNING]:断言成功
[2021-01-11 17:00:25,797]-[util.py]-[INFO]:退出登陆
[2021-01-11 17:00:28,165]-[util.py]-[INFO]:登陆完毕
[2021-01-11 17:00:28,208]-[util.py]-[WARNING]:断言成功
[2021-01-11 17:00:29,375]-[util.py]-[INFO]:退出登陆
[2021-01-12 10:34:11,688]-[util.py]-[INFO]:登陆完毕
[2021-01-12 10:34:11,736]-[util.py]-[WARNING]:断言成功
[2021-01-12 10:34:12,794]-[util.py]-[INFO]:确认完成
[2021-01-12 10:34:14,108]-[util.py]-[INFO]:登陆完毕
[2021-01-12 10:34:14,137]-[util.py]-[WARNING]:断言成功
[2021-01-12 10:34:15,200]-[util.py]-[INFO]:确认完成
[2021-01-12 10:34:16,490]-[util.py]-[INFO]:登陆完毕
[2021-01-12 10:34:16,538]-[util.py]-[WARNING]:断言成功
[2021-01-12 10:34:17,629]-[util.py]-[INFO]:确认完成
[2021-01-12 10:34:18,933]-[util.py]-[INFO]:登陆完毕
[2021-01-12 10:34:18,967]-[util.py]-[WARNING]:断言成功
[2021-01-12 10:34:20,028]-[util.py]-[INFO]:确认完成
[2021-01-12 10:34:21,348]-[util.py]-[INFO]:登陆完毕
[2021-01-12 10:34:21,375]-[util.py]-[WARNING]:断言成功
[2021-01-12 10:34:22,432]-[util.py]-[INFO]:确认完成
[2021-01-12 10:34:23,730]-[util.py]-[INFO]:登陆完毕
[2021-01-12 10:34:23,758]-[util.py]-[WARNING]:断言成功
[2021-01-12 10:34:24,814]-[util.py]-[INFO]:确认完成
[2021-01-12 10:34:26,074]-[util.py]-[INFO]:登陆完毕
[2021-01-12 10:34:26,105]-[util.py]-[WARNING]:断言成功
[2021-01-12 10:34:27,159]-[util.py]-[INFO]:确认完成
[2021-01-12 10:34:28,404]-[util.py]-[INFO]:登陆完毕
[2021-01-12 10:34:28,437]-[util.py]-[WARNING]:断言成功
[2021-01-12 10:34:29,489]-[util.py]-[INFO]:确认完成
[2021-01-12 10:34:30,727]-[util.py]-[INFO]:登陆完毕
[2021-01-12 10:34:30,754]-[util.py]-[WARNING]:断言成功
[2021-01-12 10:34:31,814]-[util.py]-[INFO]:确认完成
[2021-01-12 10:34:33,071]-[util.py]-[INFO]:登陆完毕
[2021-01-12 10:34:33,864]-[util.py]-[WARNING]:断言成功
[2021-01-12 10:34:35,125]-[util.py]-[INFO]:退出登陆
[2021-01-12 10:34:36,646]-[util.py]-[INFO]:登陆完毕
[2021-01-12 10:34:36,679]-[util.py]-[WARNING]:断言成功
[2021-01-12 10:34:37,763]-[util.py]-[INFO]:退出登陆
[2021-01-12 10:34:39,019]-[util.py]-[INFO]:登陆完毕
[2021-01-12 10:34:39,057]-[util.py]-[WARNING]:断言成功
[2021-01-12 10:34:40,142]-[util.py]-[INFO]:退出登陆
[2021-01-12 10:34:41,457]-[util.py]-[INFO]:登陆完毕
[2021-01-12 10:34:41,495]-[util.py]-[WARNING]:断言成功
[2021-01-12 10:34:42,579]-[util.py]-[INFO]:退出登陆
[2021-01-12 10:34:43,856]-[util.py]-[INFO]:登陆完毕
[2021-01-12 10:34:43,894]-[util.py]-[WARNING]:断言成功
[2021-01-12 10:34:45,017]-[util.py]-[INFO]:退出登陆
[2021-01-12 10:34:46,279]-[util.py]-[INFO]:登陆完毕
[2021-01-12 10:34:46,320]-[util.py]-[WARNING]:断言成功
[2021-01-12 10:34:47,429]-[util.py]-[INFO]:退出登陆
[2021-01-12 10:34:48,727]-[util.py]-[INFO]:登陆完毕
[2021-01-12 10:34:48,769]-[util.py]-[WARNING]:断言成功
[2021-01-12 10:34:49,851]-[util.py]-[INFO]:退出登陆
[2021-01-12 10:34:51,112]-[util.py]-[INFO]:登陆完毕
[2021-01-12 10:34:51,225]-[util.py]-[WARNING]:断言成功
[2021-01-12 10:34:52,449]-[util.py]-[INFO]:退出登陆
[2021-01-12 10:34:53,758]-[util.py]-[INFO]:登陆完毕
[2021-01-12 10:34:53,817]-[util.py]-[WARNING]:断言成功
[2021-01-12 10:34:54,893]-[util.py]-[INFO]:退出登陆
[2021-01-12 10:58:15,527]-[util.py]-[INFO]:登陆完毕
[2021-01-12 10:58:15,569]-[util.py]-[WARNING]:断言成功
[2021-01-12 10:58:16,630]-[util.py]-[INFO]:确认完成
[2021-01-12 10:58:17,850]-[util.py]-[INFO]:登陆完毕
[2021-01-12 10:58:17,878]-[util.py]-[WARNING]:断言成功
[2021-01-12 10:58:18,928]-[util.py]-[INFO]:确认完成
[2021-01-12 10:58:20,158]-[util.py]-[INFO]:登陆完毕
[2021-01-12 10:58:20,191]-[util.py]-[WARNING]:断言成功
[2021-01-12 10:58:21,256]-[util.py]-[INFO]:确认完成
[2021-01-12 10:58:22,513]-[util.py]-[INFO]:登陆完毕
[2021-01-12 10:58:22,577]-[util.py]-[WARNING]:断言成功
[2021-01-12 10:58:23,657]-[util.py]-[INFO]:确认完成
[2021-01-12 10:58:24,924]-[util.py]-[INFO]:登陆完毕
[2021-01-12 10:58:24,955]-[util.py]-[WARNING]:断言成功
[2021-01-12 10:58:26,009]-[util.py]-[INFO]:确认完成
[2021-01-12 10:58:27,259]-[util.py]-[INFO]:登陆完毕
[2021-01-12 10:58:27,290]-[util.py]-[WARNING]:断言成功
[2021-01-12 10:58:28,340]-[util.py]-[INFO]:确认完成
[2021-01-12 10:58:29,571]-[util.py]-[INFO]:登陆完毕
[2021-01-12 10:58:29,621]-[util.py]-[WARNING]:断言成功
[2021-01-12 10:58:30,690]-[util.py]-[INFO]:确认完成
[2021-01-12 10:58:31,916]-[util.py]-[INFO]:登陆完毕
[2021-01-12 10:58:31,954]-[util.py]-[WARNING]:断言成功
[2021-01-12 10:58:33,017]-[util.py]-[INFO]:确认完成
[2021-01-12 10:58:34,253]-[util.py]-[INFO]:登陆完毕
[2021-01-12 10:58:34,280]-[util.py]-[WARNING]:断言成功
[2021-01-12 10:58:35,337]-[util.py]-[INFO]:确认完成
[2021-01-12 10:58:36,558]-[util.py]-[INFO]:登陆完毕
[2021-01-12 10:58:37,334]-[util.py]-[WARNING]:断言成功
[2021-01-12 10:58:38,543]-[util.py]-[INFO]:退出登陆
[2021-01-12 10:58:39,868]-[util.py]-[INFO]:登陆完毕
[2021-01-12 10:58:39,901]-[util.py]-[WARNING]:断言成功
[2021-01-12 10:58:40,985]-[util.py]-[INFO]:退出登陆
[2021-01-12 10:58:42,320]-[util.py]-[INFO]:登陆完毕
[2021-01-12 10:58:42,351]-[util.py]-[WARNING]:断言成功
[2021-01-12 10:58:43,432]-[util.py]-[INFO]:退出登陆
[2021-01-12 10:58:44,697]-[util.py]-[INFO]:登陆完毕
[2021-01-12 10:58:44,728]-[util.py]-[WARNING]:断言成功
[2021-01-12 10:58:45,815]-[util.py]-[INFO]:退出登陆
[2021-01-12 10:58:50,584]-[util.py]-[INFO]:登陆完毕
[2021-01-12 10:58:50,611]-[util.py]-[WARNING]:断言成功
[2021-01-12 10:58:51,691]-[util.py]-[INFO]:退出登陆
[2021-01-12 10:58:53,005]-[util.py]-[INFO]:登陆完毕
[2021-01-12 10:58:53,031]-[util.py]-[WARNING]:断言成功
[2021-01-12 10:58:54,101]-[util.py]-[INFO]:退出登陆
[2021-01-12 10:58:55,402]-[util.py]-[INFO]:登陆完毕
[2021-01-12 10:58:55,437]-[util.py]-[WARNING]:断言成功
[2021-01-12 10:58:56,538]-[util.py]-[INFO]:退出登陆
[2021-01-12 10:58:57,783]-[util.py]-[INFO]:登陆完毕
[2021-01-12 10:58:57,817]-[util.py]-[WARNING]:断言成功
[2021-01-12 10:58:58,922]-[util.py]-[INFO]:退出登陆
[2021-01-12 10:59:00,239]-[util.py]-[INFO]:登陆完毕
[2021-01-12 10:59:00,275]-[util.py]-[WARNING]:断言成功
[2021-01-12 10:59:01,357]-[util.py]-[INFO]:退出登陆
[2021-01-12 11:03:31,764]-[util.py]-[INFO]:登陆完毕
[2021-01-12 11:03:31,800]-[util.py]-[WARNING]:断言成功
[2021-01-12 11:03:32,872]-[util.py]-[INFO]:确认完成
[2021-01-12 11:03:34,144]-[util.py]-[INFO]:登陆完毕
[2021-01-12 11:03:34,174]-[util.py]-[WARNING]:断言成功
[2021-01-12 11:03:35,235]-[util.py]-[INFO]:确认完成
[2021-01-12 11:03:36,480]-[util.py]-[INFO]:登陆完毕
[2021-01-12 11:03:36,531]-[util.py]-[WARNING]:断言成功
[2021-01-12 11:03:37,588]-[util.py]-[INFO]:确认完成
[2021-01-12 11:03:38,829]-[util.py]-[INFO]:登陆完毕
[2021-01-12 11:03:38,880]-[util.py]-[WARNING]:断言成功
[2021-01-12 11:03:39,956]-[util.py]-[INFO]:确认完成
[2021-01-12 11:03:41,208]-[util.py]-[INFO]:登陆完毕
[2021-01-12 11:03:41,242]-[util.py]-[WARNING]:断言成功
[2021-01-12 11:03:42,297]-[util.py]-[INFO]:确认完成
[2021-01-12 11:03:43,542]-[util.py]-[INFO]:登陆完毕
[2021-01-12 11:03:43,572]-[util.py]-[WARNING]:断言成功
[2021-01-12 11:03:44,637]-[util.py]-[INFO]:确认完成
[2021-01-12 11:03:45,875]-[util.py]-[INFO]:登陆完毕
[2021-01-12 11:03:45,902]-[util.py]-[WARNING]:断言成功
[2021-01-12 11:03:46,959]-[util.py]-[INFO]:确认完成
[2021-01-12 11:03:48,217]-[util.py]-[INFO]:登陆完毕
[2021-01-12 11:03:48,242]-[util.py]-[WARNING]:断言成功
[2021-01-12 11:03:49,299]-[util.py]-[INFO]:确认完成
[2021-01-12 11:03:50,530]-[util.py]-[INFO]:登陆完毕
[2021-01-12 11:03:50,559]-[util.py]-[WARNING]:断言成功
[2021-01-12 11:03:51,616]-[util.py]-[INFO]:确认完成
[2021-01-12 11:03:52,934]-[util.py]-[INFO]:登陆完毕
[2021-01-12 11:03:53,925]-[util.py]-[WARNING]:断言成功
[2021-01-12 11:03:55,301]-[util.py]-[INFO]:退出登陆
[2021-01-12 11:03:56,715]-[util.py]-[INFO]:登陆完毕
[2021-01-12 11:03:56,761]-[util.py]-[WARNING]:断言成功
[2021-01-12 11:03:57,929]-[util.py]-[INFO]:退出登陆
[2021-01-12 11:04:00,705]-[util.py]-[INFO]:登陆完毕
[2021-01-12 11:04:00,756]-[util.py]-[WARNING]:断言成功
[2021-01-12 11:04:01,900]-[util.py]-[INFO]:退出登陆
[2021-01-12 11:04:03,245]-[util.py]-[INFO]:登陆完毕
[2021-01-12 11:04:03,296]-[util.py]-[WARNING]:断言成功
[2021-01-12 11:04:04,419]-[util.py]-[INFO]:退出登陆
[2021-01-12 11:04:05,718]-[util.py]-[INFO]:登陆完毕
[2021-01-12 11:04:05,766]-[util.py]-[WARNING]:断言成功
[2021-01-12 11:04:06,936]-[util.py]-[INFO]:退出登陆
[2021-01-12 11:04:08,222]-[util.py]-[INFO]:登陆完毕
[2021-01-12 11:04:08,276]-[util.py]-[WARNING]:断言成功
[2021-01-12 11:04:09,383]-[util.py]-[INFO]:退出登陆
[2021-01-12 11:04:10,723]-[util.py]-[INFO]:登陆完毕
[2021-01-12 11:04:10,775]-[util.py]-[WARNING]:断言成功
[2021-01-12 11:04:11,912]-[util.py]-[INFO]:退出登陆
[2021-01-12 11:04:13,241]-[util.py]-[INFO]:登陆完毕
[2021-01-12 11:04:13,286]-[util.py]-[WARNING]:断言成功
[2021-01-12 11:04:14,442]-[util.py]-[INFO]:退出登陆
[2021-01-12 11:04:15,780]-[util.py]-[INFO]:登陆完毕
[2021-01-12 11:04:15,834]-[util.py]-[WARNING]:断言成功
[2021-01-12 11:04:16,972]-[util.py]-[INFO]:退出登陆
[2021-01-12 11:08:09,933]-[util.py]-[INFO]:登陆完毕
[2021-01-12 11:08:09,990]-[util.py]-[WARNING]:断言成功
[2021-01-12 11:08:11,066]-[util.py]-[INFO]:确认完成
[2021-01-12 11:08:12,931]-[util.py]-[INFO]:登陆完毕
[2021-01-12 11:08:12,987]-[util.py]-[WARNING]:断言成功
[2021-01-12 11:08:14,065]-[util.py]-[INFO]:确认完成
[2021-01-12 11:08:15,335]-[util.py]-[INFO]:登陆完毕
[2021-01-12 11:08:15,372]-[util.py]-[WARNING]:断言成功
[2021-01-12 11:08:16,479]-[util.py]-[INFO]:确认完成
[2021-01-12 11:08:17,959]-[util.py]-[INFO]:登陆完毕
[2021-01-12 11:08:17,992]-[util.py]-[WARNING]:断言成功
[2021-01-12 11:08:19,044]-[util.py]-[INFO]:确认完成
[2021-01-12 11:08:20,366]-[util.py]-[INFO]:登陆完毕
[2021-01-12 11:08:20,400]-[util.py]-[WARNING]:断言成功
[2021-01-12 11:08:21,453]-[util.py]-[INFO]:确认完成
[2021-01-12 11:08:22,741]-[util.py]-[INFO]:登陆完毕
[2021-01-12 11:08:22,772]-[util.py]-[WARNING]:断言成功
[2021-01-12 11:08:23,837]-[util.py]-[INFO]:确认完成
[2021-01-12 11:08:25,085]-[util.py]-[INFO]:登陆完毕
[2021-01-12 11:08:25,116]-[util.py]-[WARNING]:断言成功
[2021-01-12 11:08:26,173]-[util.py]-[INFO]:确认完成
[2021-01-12 11:08:27,381]-[util.py]-[INFO]:登陆完毕
[2021-01-12 11:08:27,410]-[util.py]-[WARNING]:断言成功
[2021-01-12 11:08:28,465]-[util.py]-[INFO]:确认完成
[2021-01-12 11:08:29,708]-[util.py]-[INFO]:登陆完毕
[2021-01-12 11:08:29,734]-[util.py]-[WARNING]:断言成功
[2021-01-12 11:08:30,785]-[util.py]-[INFO]:确认完成
[2021-01-12 11:08:32,030]-[util.py]-[INFO]:登陆完毕
[2021-01-12 11:08:32,638]-[util.py]-[WARNING]:断言成功
[2021-01-12 11:08:34,098]-[util.py]-[INFO]:退出登陆
[2021-01-12 11:08:35,931]-[util.py]-[INFO]:登陆完毕
[2021-01-12 11:08:36,013]-[util.py]-[WARNING]:断言成功
[2021-01-12 11:08:37,126]-[util.py]-[INFO]:退出登陆
[2021-01-12 11:08:38,383]-[util.py]-[INFO]:登陆完毕
[2021-01-12 11:08:38,451]-[util.py]-[WARNING]:断言成功
[2021-01-12 11:08:39,552]-[util.py]-[INFO]:退出登陆
[2021-01-12 11:08:40,842]-[util.py]-[INFO]:登陆完毕
[2021-01-12 11:08:40,891]-[util.py]-[WARNING]:断言成功
[2021-01-12 11:08:42,063]-[util.py]-[INFO]:退出登陆
[2021-01-12 11:08:43,923]-[util.py]-[INFO]:登陆完毕
[2021-01-12 11:08:44,013]-[util.py]-[WARNING]:断言成功
[2021-01-12 11:08:45,138]-[util.py]-[INFO]:退出登陆
[2021-01-12 11:08:46,996]-[util.py]-[INFO]:登陆完毕
[2021-01-12 11:08:47,068]-[util.py]-[WARNING]:断言成功
[2021-01-12 11:08:48,246]-[util.py]-[INFO]:退出登陆
[2021-01-12 11:08:49,982]-[util.py]-[INFO]:登陆完毕
[2021-01-12 11:08:50,094]-[util.py]-[WARNING]:断言成功
[2021-01-12 11:08:51,307]-[util.py]-[INFO]:退出登陆
[2021-01-12 11:08:52,619]-[util.py]-[INFO]:登陆完毕
[2021-01-12 11:08:52,673]-[util.py]-[WARNING]:断言成功
[2021-01-12 11:08:53,754]-[util.py]-[INFO]:退出登陆
[2021-01-12 11:08:55,017]-[util.py]-[INFO]:登陆完毕
[2021-01-12 11:08:55,087]-[util.py]-[WARNING]:断言成功
[2021-01-12 11:08:56,187]-[util.py]-[INFO]:退出登陆
